<?xml version="1.0" encoding="UTF-8"?>
<!-- Generated by org.testng.reporters.JUnitXMLReporter -->
<testsuite ignored="0" hostname="DESKTOP-64I2TDN" failures="0" tests="5" name="Default test" time="17.656" errors="0" timestamp="2024-03-18T12:35:35 IST">
  <testcase classname="api.tests.GorestTests" name="createUser" time="7.797"/>
  <testcase classname="api.tests.GorestTests" name="createUser" time="1.031"/>
  <testcase classname="api.tests.GorestTests" name="createUser" time="0.737"/>
  <testcase classname="api.tests.GorestTests" name="createUser" time="1.149"/>
  <testcase classname="api.tests.GorestTests" name="deleteUser" time="2.456"/>
</testsuite> <!-- Default test -->
