<?xml version="1.0" encoding="UTF-8"?>
<!-- Generated by org.testng.reporters.JUnitXMLReporter -->
<testsuite ignored="0" hostname="DESKTOP-64I2TDN" failures="0" tests="5" name="Test" time="15.218" errors="0" timestamp="2024-03-18T12:40:09 IST">
  <testcase classname="api.tests.GorestTests" name="createUser" time="6.265"/>
  <testcase classname="api.tests.GorestTests" name="createUser" time="0.844"/>
  <testcase classname="api.tests.GorestTests" name="createUser" time="0.5"/>
  <testcase classname="api.tests.GorestTests" name="createUser" time="0.656"/>
  <testcase classname="api.tests.GorestTests" name="deleteUser" time="2.891"/>
</testsuite> <!-- Test -->
