<?xml version="1.0" encoding="UTF-8"?>
<testng-results ignored="0" total="5" passed="5" failed="0" skipped="0">
  <reporter-output>
  </reporter-output>
  <suite started-at="2024-03-18T12:35:17 IST" name="Default suite" finished-at="2024-03-18T12:35:35 IST" duration-ms="17656">
    <groups>
    </groups>
    <test started-at="2024-03-18T12:35:17 IST" name="Default test" finished-at="2024-03-18T12:35:35 IST" duration-ms="17656">
      <class name="api.tests.GorestTests">
        <test-method signature="createUser([Ljava.lang.String;)[pri:1, instance:api.tests.GorestTests@13fd2ccd]" started-at="2024-03-18T12:35:22 IST" name="createUser" data-provider="ExcelData" finished-at="2024-03-18T12:35:30 IST" duration-ms="7797" status="PASS">
          <params>
            <param index="0">
              <value>
                <![CDATA[[Ljava.lang.String;@13de7bba]]>
              </value>
            </param>
          </params>
          <reporter-output>
          </reporter-output>
        </test-method> <!-- createUser -->
        <test-method signature="createUser([Ljava.lang.String;)[pri:1, instance:api.tests.GorestTests@13fd2ccd]" started-at="2024-03-18T12:35:30 IST" name="createUser" data-provider="ExcelData" finished-at="2024-03-18T12:35:31 IST" duration-ms="1031" status="PASS">
          <params>
            <param index="0">
              <value>
                <![CDATA[[Ljava.lang.String;@2511ddb7]]>
              </value>
            </param>
          </params>
          <reporter-output>
          </reporter-output>
        </test-method> <!-- createUser -->
        <test-method signature="createUser([Ljava.lang.String;)[pri:1, instance:api.tests.GorestTests@13fd2ccd]" started-at="2024-03-18T12:35:31 IST" name="createUser" data-provider="ExcelData" finished-at="2024-03-18T12:35:31 IST" duration-ms="737" status="PASS">
          <params>
            <param index="0">
              <value>
                <![CDATA[[Ljava.lang.String;@10b2f8ff]]>
              </value>
            </param>
          </params>
          <reporter-output>
          </reporter-output>
        </test-method> <!-- createUser -->
        <test-method signature="createUser([Ljava.lang.String;)[pri:1, instance:api.tests.GorestTests@13fd2ccd]" started-at="2024-03-18T12:35:32 IST" name="createUser" data-provider="ExcelData" finished-at="2024-03-18T12:35:33 IST" duration-ms="1149" status="PASS">
          <params>
            <param index="0">
              <value>
                <![CDATA[[Ljava.lang.String;@6aabacb7]]>
              </value>
            </param>
          </params>
          <reporter-output>
          </reporter-output>
        </test-method> <!-- createUser -->
        <test-method signature="deleteUser()[pri:2, instance:api.tests.GorestTests@13fd2ccd]" started-at="2024-03-18T12:35:33 IST" name="deleteUser" finished-at="2024-03-18T12:35:35 IST" duration-ms="2456" status="PASS">
          <reporter-output>
          </reporter-output>
        </test-method> <!-- deleteUser -->
      </class> <!-- api.tests.GorestTests -->
    </test> <!-- Default test -->
  </suite> <!-- Default suite -->
</testng-results>
